16:18:34.632 [main] INFO  - ---- TestCase_13_LoanAmtCalculator_ValidatingEMITextBoxAndSlider Started ----
16:18:34.728 [main] INFO  - ---- TestCase_13_LoanAmtCalculator_ValidatingEMITextBoxAndSlider Ended ----
16:18:34.912 [main] INFO  - ---- TestCase_14_LoanAmtCalculator_ValidatingInterestRateTextBoxAndSlider Started ----
16:18:35.030 [main] INFO  - ---- TestCase_14_LoanAmtCalculator_ValidatingInterestRateTextBoxAndSlider Ended ----
16:18:35.255 [main] INFO  - ---- TestCase_15_LoanAmtCalculator_ScaleChangeForInterestRateTextBoxAndSlider Started ----
16:18:36.140 [main] INFO  - ---- TestCase_15_LoanAmtCalculator_ScaleChangeForInterestRateTextBoxAndSlider Ended ----
16:18:36.329 [main] INFO  - ---- TestCase_16_LoanAmtCalculator_ValidatingLoanTenureTextBoxAndSlider Started ----
16:18:36.404 [main] INFO  - ---- TestCase_16_LoanAmtCalculator_ValidatingLoanTenureTextBoxAndSlider Ended ----
16:18:36.570 [main] INFO  - ---- TestCase_17_LoanAmtCalculator_ScaleChangeForLoanTenureTextBoxAndSlider Started ----
16:18:37.453 [main] INFO  - ---- TestCase_17_LoanAmtCalculator_ScaleChangeForLoanTenureTextBoxAndSlider Ended ----
16:18:37.616 [main] INFO  - ---- TestCase_18_LoanAmtCalculator_ValidatingFeesAndChargesTextBoxAndSlider Started ----
16:18:37.688 [main] INFO  - ---- TestCase_18_LoanAmtCalculator_ValidatingFeesAndChargesTextBoxAndSlider Ended ----
16:18:37.818 [main] INFO  - ---- TestCase_19_LoanAmtCalculator_ValidationForYearAndMonthOption Started ----
16:18:37.871 [main] INFO  - ---- TestCase_19_LoanAmtCalculator_ValidationForYearAndMonthOption Ended ----
16:18:38.006 [main] INFO  - ---- TestCase_20_LoanAmtCalculator_ScaleChangeForFeesAndChargesTextBoxAndSlider Started ----
16:18:39.039 [main] INFO  - ---- TestCase_20_LoanAmtCalculator_ScaleChangeForFeesAndChargesTextBoxAndSlider Ended ----
16:19:34.668 [main] INFO  - ---- TestCase_01_EnteringRequiredValuesInHomePage Started ----
16:19:36.746 [main] INFO  - ---- TestCase_01_EnteringRequiredValuesInHomePage Ended ----
16:19:36.896 [main] INFO  - ---- TestCase_02_DisplayingTheEMIPaymentTable Started ----
16:19:38.853 [main] INFO  - ---- TestCase_02_DisplayingTheEMIPaymentTable Ended ----
16:19:45.812 [main] INFO  - ---- TestCase_03_StoringTheYearTableInExcel Started ----
16:19:50.605 [main] INFO  - ---- TestCase_03_StoringTheYearTableInExcel Ended ----
16:19:57.620 [main] INFO  - -----TestCase_04_EMICalculator_ValidatingLoanAmountTextBoxAndSlider  started.------
16:19:57.726 [main] INFO  - TestCase_04_EMICalculator_ValidatingLoanAmountTextBoxAndSlider ended.
16:19:57.890 [main] INFO  - TestCase_05_EMICalculator_ScaleChangeForLoanAmountTextBoxAndSlider started.
16:19:58.799 [main] INFO  - TestCase_05_EMICalculator_ScaleChangeForLoanAmountTextBoxAndSlider started.
16:19:58.943 [main] INFO  - TestCase_06_EMICalculator_ValidatingInterestRateTextBoxAndSlider started.
16:19:59.010 [main] INFO  - TestCase_06_EMICalculator_ValidatingInterestRateTextBoxAndSlider ended.
16:19:59.171 [main] INFO  - TestCase_07_EMICalculator_ScaleChangeForInterestRateTextBoxAndSlider started
16:20:00.036 [main] INFO  - TestCase_07_EMICalculator_ScaleChangeForInterestRateTextBoxAndSlider ended
16:20:00.207 [main] INFO  - TestCase_08_EMICalculator_ValidatingLoanTenureTextBoxAndSlider started.
16:20:00.296 [main] INFO  - TestCase_08_EMICalculator_ValidatingLoanTenureTextBoxAndSlider ended.
16:20:00.449 [main] INFO  - TestCase_09_EMICalculator_ScaleChangeForLoanTenureTextBoxAndSlider started
16:20:01.283 [main] INFO  - TestCase_09_EMICalculator_ScaleChangeForLoanTenureTextBoxAndSlider ended
16:20:01.409 [main] INFO  - TestCase_10_EMICalculator_ValidatingFeesAndChargesTextBoxAndSlider started.
16:20:01.468 [main] INFO  - TestCase_10_EMICalculator_ValidatingFeesAndChargesTextBoxAndSlider ended.
16:20:01.614 [main] INFO  - TestCase_11_EMICalculator_ScaleChangeForFeesAndChargesTextBoxAndSlider started
16:20:02.450 [main] INFO  - TestCase_11_EMICalculator_ScaleChangeForFeesAndChargesTextBoxAndSlider ended
16:20:02.580 [main] INFO  - TestCase_12_EMICalculator_ValidationForYearAndMonthOption started.
16:20:02.660 [main] INFO  - TestCase_12_EMICalculator_ValidationForYearAndMonthOption ended.
16:20:10.301 [main] INFO  - ---- TestCase_13_LoanAmtCalculator_ValidatingEMITextBoxAndSlider Started ----
16:20:10.366 [main] INFO  - ---- TestCase_13_LoanAmtCalculator_ValidatingEMITextBoxAndSlider Ended ----
16:20:10.521 [main] INFO  - ---- TestCase_14_LoanAmtCalculator_ValidatingInterestRateTextBoxAndSlider Started ----
16:20:10.584 [main] INFO  - ---- TestCase_14_LoanAmtCalculator_ValidatingInterestRateTextBoxAndSlider Ended ----
16:20:10.733 [main] INFO  - ---- TestCase_15_LoanAmtCalculator_ScaleChangeForInterestRateTextBoxAndSlider Started ----
16:20:11.586 [main] INFO  - ---- TestCase_15_LoanAmtCalculator_ScaleChangeForInterestRateTextBoxAndSlider Ended ----
16:20:11.749 [main] INFO  - ---- TestCase_16_LoanAmtCalculator_ValidatingLoanTenureTextBoxAndSlider Started ----
16:20:11.813 [main] INFO  - ---- TestCase_16_LoanAmtCalculator_ValidatingLoanTenureTextBoxAndSlider Ended ----
16:20:11.966 [main] INFO  - ---- TestCase_17_LoanAmtCalculator_ScaleChangeForLoanTenureTextBoxAndSlider Started ----
16:20:12.825 [main] INFO  - ---- TestCase_17_LoanAmtCalculator_ScaleChangeForLoanTenureTextBoxAndSlider Ended ----
16:20:13.013 [main] INFO  - ---- TestCase_18_LoanAmtCalculator_ValidatingFeesAndChargesTextBoxAndSlider Started ----
16:20:13.096 [main] INFO  - ---- TestCase_18_LoanAmtCalculator_ValidatingFeesAndChargesTextBoxAndSlider Ended ----
16:20:13.234 [main] INFO  - ---- TestCase_19_LoanAmtCalculator_ValidationForYearAndMonthOption Started ----
16:20:13.283 [main] INFO  - ---- TestCase_19_LoanAmtCalculator_ValidationForYearAndMonthOption Ended ----
16:20:13.434 [main] INFO  - ---- TestCase_20_LoanAmtCalculator_ScaleChangeForFeesAndChargesTextBoxAndSlider Started ----
16:20:14.521 [main] INFO  - ---- TestCase_20_LoanAmtCalculator_ScaleChangeForFeesAndChargesTextBoxAndSlider Ended ----
16:20:22.231 [main] INFO  - ---- TestCase_21_LoanTenureCalculator_ValidatingLoanAmountTextBoxAndSlider Started ----
16:20:22.294 [main] INFO  - ---- TestCase_21_LoanTenureCalculator_ValidatingLoanAmountTextBoxAndSlider Ended ----
16:20:22.457 [main] INFO  - ---- TestCase_22_LoanTenureCalculator_ScaleChangeForLoanAmountTextBoxAndSlider Started ----
16:20:23.307 [main] INFO  - ---- TestCase_22_LoanTenureCalculator_ScaleChangeForLoanAmountTextBoxAndSlider Ended ----
16:20:23.512 [main] INFO  - ---- TestCase_23_LoanTenureCalculator_ValidatingEMITextBoxAndSlider Started ----
16:20:23.581 [main] INFO  - ---- TestCase_23_LoanTenureCalculator_ValidatingEMITextBoxAndSlider Ended ----
16:20:23.737 [main] INFO  - ---- TestCase_24_LoanTenureCalculator_ValidatingInterestRateTextBoxAndSlider Started ----
16:20:23.799 [main] INFO  - ---- TestCase_24_LoanTenureCalculator_ValidatingInterestRateTextBoxAndSlider Ended ----
16:20:23.952 [main] INFO  - ---- TestCase_25_LoanTenureCalculator_ScaleChangeForInterestRateTextBoxAndSlider Started ----
16:20:24.875 [main] INFO  - ---- TestCase_25_LoanTenureCalculator_ScaleChangeForInterestRateTextBoxAndSlider Ended ----
16:20:25.021 [main] INFO  - ---- TestCase_26_LoanTenureCalculator_ValidatingFeesAndChargesTextBoxAndSlider Started ----
16:20:25.091 [main] INFO  - ---- TestCase_26_LoanTenureCalculator_ValidatingFeesAndChargesTextBoxAndSlider Ended ----
16:20:25.230 [main] INFO  - ---- TestCase_27_LoanTenureCalculator_ScaleChangeForFeesAndChargesTextBoxAndSlider Started ----
16:20:26.095 [main] INFO  - ---- TestCase_27_LoanTenureCalculator_ScaleChangeForFeesAndChargesTextBoxAndSlider Ended ----
16:28:57.528 [main] INFO  - ---- TestCase_01_EnteringRequiredValuesInHomePage Started ----
16:28:59.183 [main] INFO  - ---- TestCase_01_EnteringRequiredValuesInHomePage Ended ----
16:28:59.350 [main] INFO  - ---- TestCase_02_DisplayingTheEMIPaymentTable Started ----
16:29:00.878 [main] INFO  - ---- TestCase_02_DisplayingTheEMIPaymentTable Ended ----
16:29:07.634 [main] INFO  - ---- TestCase_03_StoringTheYearTableInExcel Started ----
16:29:12.314 [main] INFO  - ---- TestCase_03_StoringTheYearTableInExcel Ended ----
16:29:20.990 [main] INFO  - -----TestCase_04_EMICalculator_ValidatingLoanAmountTextBoxAndSlider  started.------
16:29:21.098 [main] INFO  - TestCase_04_EMICalculator_ValidatingLoanAmountTextBoxAndSlider ended.
16:29:21.248 [main] INFO  - TestCase_05_EMICalculator_ScaleChangeForLoanAmountTextBoxAndSlider started.
16:29:22.178 [main] INFO  - TestCase_05_EMICalculator_ScaleChangeForLoanAmountTextBoxAndSlider started.
16:29:22.329 [main] INFO  - TestCase_06_EMICalculator_ValidatingInterestRateTextBoxAndSlider started.
16:29:22.389 [main] INFO  - TestCase_06_EMICalculator_ValidatingInterestRateTextBoxAndSlider ended.
16:29:22.551 [main] INFO  - TestCase_07_EMICalculator_ScaleChangeForInterestRateTextBoxAndSlider started
16:29:23.412 [main] INFO  - TestCase_07_EMICalculator_ScaleChangeForInterestRateTextBoxAndSlider ended
16:29:23.589 [main] INFO  - TestCase_08_EMICalculator_ValidatingLoanTenureTextBoxAndSlider started.
16:29:23.705 [main] INFO  - TestCase_08_EMICalculator_ValidatingLoanTenureTextBoxAndSlider ended.
16:29:23.869 [main] INFO  - TestCase_09_EMICalculator_ScaleChangeForLoanTenureTextBoxAndSlider started
16:29:24.714 [main] INFO  - TestCase_09_EMICalculator_ScaleChangeForLoanTenureTextBoxAndSlider ended
16:29:24.840 [main] INFO  - TestCase_10_EMICalculator_ValidatingFeesAndChargesTextBoxAndSlider started.
16:29:24.903 [main] INFO  - TestCase_10_EMICalculator_ValidatingFeesAndChargesTextBoxAndSlider ended.
16:29:25.027 [main] INFO  - TestCase_11_EMICalculator_ScaleChangeForFeesAndChargesTextBoxAndSlider started
16:29:25.879 [main] INFO  - TestCase_11_EMICalculator_ScaleChangeForFeesAndChargesTextBoxAndSlider ended
16:29:26.016 [main] INFO  - TestCase_12_EMICalculator_ValidationForYearAndMonthOption started.
16:29:26.089 [main] INFO  - TestCase_12_EMICalculator_ValidationForYearAndMonthOption ended.
16:29:34.759 [main] INFO  - ---- TestCase_13_LoanAmtCalculator_ValidatingEMITextBoxAndSlider Started ----
16:29:34.823 [main] INFO  - ---- TestCase_13_LoanAmtCalculator_ValidatingEMITextBoxAndSlider Ended ----
16:29:34.983 [main] INFO  - ---- TestCase_14_LoanAmtCalculator_ValidatingInterestRateTextBoxAndSlider Started ----
16:29:35.037 [main] INFO  - ---- TestCase_14_LoanAmtCalculator_ValidatingInterestRateTextBoxAndSlider Ended ----
16:29:35.205 [main] INFO  - ---- TestCase_15_LoanAmtCalculator_ScaleChangeForInterestRateTextBoxAndSlider Started ----
16:29:36.047 [main] INFO  - ---- TestCase_15_LoanAmtCalculator_ScaleChangeForInterestRateTextBoxAndSlider Ended ----
16:29:36.217 [main] INFO  - ---- TestCase_16_LoanAmtCalculator_ValidatingLoanTenureTextBoxAndSlider Started ----
16:29:36.273 [main] INFO  - ---- TestCase_16_LoanAmtCalculator_ValidatingLoanTenureTextBoxAndSlider Ended ----
16:29:36.425 [main] INFO  - ---- TestCase_17_LoanAmtCalculator_ScaleChangeForLoanTenureTextBoxAndSlider Started ----
16:29:37.286 [main] INFO  - ---- TestCase_17_LoanAmtCalculator_ScaleChangeForLoanTenureTextBoxAndSlider Ended ----
16:29:37.416 [main] INFO  - ---- TestCase_18_LoanAmtCalculator_ValidatingFeesAndChargesTextBoxAndSlider Started ----
16:29:37.482 [main] INFO  - ---- TestCase_18_LoanAmtCalculator_ValidatingFeesAndChargesTextBoxAndSlider Ended ----
16:29:37.617 [main] INFO  - ---- TestCase_19_LoanAmtCalculator_ValidationForYearAndMonthOption Started ----
16:29:37.661 [main] INFO  - ---- TestCase_19_LoanAmtCalculator_ValidationForYearAndMonthOption Ended ----
16:29:37.808 [main] INFO  - ---- TestCase_20_LoanAmtCalculator_ScaleChangeForFeesAndChargesTextBoxAndSlider Started ----
16:29:38.740 [main] INFO  - ---- TestCase_20_LoanAmtCalculator_ScaleChangeForFeesAndChargesTextBoxAndSlider Ended ----
16:29:46.971 [main] INFO  - ---- TestCase_21_LoanTenureCalculator_ValidatingLoanAmountTextBoxAndSlider Started ----
16:29:47.044 [main] INFO  - ---- TestCase_21_LoanTenureCalculator_ValidatingLoanAmountTextBoxAndSlider Ended ----
16:29:47.205 [main] INFO  - ---- TestCase_22_LoanTenureCalculator_ScaleChangeForLoanAmountTextBoxAndSlider Started ----
16:29:48.042 [main] INFO  - ---- TestCase_22_LoanTenureCalculator_ScaleChangeForLoanAmountTextBoxAndSlider Ended ----
16:29:48.225 [main] INFO  - ---- TestCase_23_LoanTenureCalculator_ValidatingEMITextBoxAndSlider Started ----
16:29:48.287 [main] INFO  - ---- TestCase_23_LoanTenureCalculator_ValidatingEMITextBoxAndSlider Ended ----
16:29:48.441 [main] INFO  - ---- TestCase_24_LoanTenureCalculator_ValidatingInterestRateTextBoxAndSlider Started ----
16:29:48.502 [main] INFO  - ---- TestCase_24_LoanTenureCalculator_ValidatingInterestRateTextBoxAndSlider Ended ----
16:29:48.646 [main] INFO  - ---- TestCase_25_LoanTenureCalculator_ScaleChangeForInterestRateTextBoxAndSlider Started ----
16:29:49.544 [main] INFO  - ---- TestCase_25_LoanTenureCalculator_ScaleChangeForInterestRateTextBoxAndSlider Ended ----
16:29:49.691 [main] INFO  - ---- TestCase_26_LoanTenureCalculator_ValidatingFeesAndChargesTextBoxAndSlider Started ----
16:29:49.771 [main] INFO  - ---- TestCase_26_LoanTenureCalculator_ValidatingFeesAndChargesTextBoxAndSlider Ended ----
16:29:49.907 [main] INFO  - ---- TestCase_27_LoanTenureCalculator_ScaleChangeForFeesAndChargesTextBoxAndSlider Started ----
16:29:50.839 [main] INFO  - ---- TestCase_27_LoanTenureCalculator_ScaleChangeForFeesAndChargesTextBoxAndSlider Ended ----
10:51:56.450 [main] INFO  - ---- TestCase_01_EnteringRequiredValuesInHomePage Started ----
10:51:59.379 [main] INFO  - ---- TestCase_01_EnteringRequiredValuesInHomePage Ended ----
10:51:59.557 [main] INFO  - ---- TestCase_02_DisplayingTheEMIPaymentTable Started ----
10:52:01.871 [main] INFO  - ---- TestCase_02_DisplayingTheEMIPaymentTable Ended ----
10:52:11.679 [main] INFO  - ---- TestCase_03_StoringTheYearTableInExcel Started ----
10:52:19.120 [main] INFO  - ---- TestCase_03_StoringTheYearTableInExcel Ended ----
10:52:30.110 [main] INFO  - -----TestCase_04_EMICalculator_ValidatingLoanAmountTextBoxAndSlider  started.------
10:52:30.264 [main] INFO  - TestCase_04_EMICalculator_ValidatingLoanAmountTextBoxAndSlider ended.
10:52:30.440 [main] INFO  - TestCase_05_EMICalculator_ScaleChangeForLoanAmountTextBoxAndSlider started.
10:52:31.497 [main] INFO  - TestCase_05_EMICalculator_ScaleChangeForLoanAmountTextBoxAndSlider started.
10:52:31.724 [main] INFO  - TestCase_06_EMICalculator_ValidatingInterestRateTextBoxAndSlider started.
10:52:31.882 [main] INFO  - TestCase_06_EMICalculator_ValidatingInterestRateTextBoxAndSlider ended.
10:52:32.134 [main] INFO  - TestCase_07_EMICalculator_ScaleChangeForInterestRateTextBoxAndSlider started
10:52:33.175 [main] INFO  - TestCase_07_EMICalculator_ScaleChangeForInterestRateTextBoxAndSlider ended
10:52:33.393 [main] INFO  - TestCase_08_EMICalculator_ValidatingLoanTenureTextBoxAndSlider started.
10:52:33.662 [main] INFO  - TestCase_08_EMICalculator_ValidatingLoanTenureTextBoxAndSlider ended.
10:52:33.923 [main] INFO  - TestCase_09_EMICalculator_ScaleChangeForLoanTenureTextBoxAndSlider started
10:52:34.972 [main] INFO  - TestCase_09_EMICalculator_ScaleChangeForLoanTenureTextBoxAndSlider ended
10:52:35.137 [main] INFO  - TestCase_10_EMICalculator_ValidatingFeesAndChargesTextBoxAndSlider started.
10:52:35.215 [main] INFO  - TestCase_10_EMICalculator_ValidatingFeesAndChargesTextBoxAndSlider ended.
10:52:35.391 [main] INFO  - TestCase_11_EMICalculator_ScaleChangeForFeesAndChargesTextBoxAndSlider started
10:52:36.379 [main] INFO  - TestCase_11_EMICalculator_ScaleChangeForFeesAndChargesTextBoxAndSlider ended
10:52:36.579 [main] INFO  - TestCase_12_EMICalculator_ValidationForYearAndMonthOption started.
10:52:36.747 [main] INFO  - TestCase_12_EMICalculator_ValidationForYearAndMonthOption ended.
10:52:47.390 [main] INFO  - ---- TestCase_13_LoanAmtCalculator_ValidatingEMITextBoxAndSlider Started ----
10:52:47.483 [main] INFO  - ---- TestCase_13_LoanAmtCalculator_ValidatingEMITextBoxAndSlider Ended ----
10:52:47.673 [main] INFO  - ---- TestCase_14_LoanAmtCalculator_ValidatingInterestRateTextBoxAndSlider Started ----
10:52:47.776 [main] INFO  - ---- TestCase_14_LoanAmtCalculator_ValidatingInterestRateTextBoxAndSlider Ended ----
10:52:47.945 [main] INFO  - ---- TestCase_15_LoanAmtCalculator_ScaleChangeForInterestRateTextBoxAndSlider Started ----
10:52:48.934 [main] INFO  - ---- TestCase_15_LoanAmtCalculator_ScaleChangeForInterestRateTextBoxAndSlider Ended ----
10:52:49.137 [main] INFO  - ---- TestCase_16_LoanAmtCalculator_ValidatingLoanTenureTextBoxAndSlider Started ----
10:52:49.238 [main] INFO  - ---- TestCase_16_LoanAmtCalculator_ValidatingLoanTenureTextBoxAndSlider Ended ----
10:52:49.444 [main] INFO  - ---- TestCase_17_LoanAmtCalculator_ScaleChangeForLoanTenureTextBoxAndSlider Started ----
10:52:50.464 [main] INFO  - ---- TestCase_17_LoanAmtCalculator_ScaleChangeForLoanTenureTextBoxAndSlider Ended ----
10:52:50.646 [main] INFO  - ---- TestCase_18_LoanAmtCalculator_ValidatingFeesAndChargesTextBoxAndSlider Started ----
10:52:50.720 [main] INFO  - ---- TestCase_18_LoanAmtCalculator_ValidatingFeesAndChargesTextBoxAndSlider Ended ----
10:52:50.881 [main] INFO  - ---- TestCase_19_LoanAmtCalculator_ValidationForYearAndMonthOption Started ----
10:52:50.964 [main] INFO  - ---- TestCase_19_LoanAmtCalculator_ValidationForYearAndMonthOption Ended ----
10:52:51.149 [main] INFO  - ---- TestCase_20_LoanAmtCalculator_ScaleChangeForFeesAndChargesTextBoxAndSlider Started ----
10:52:52.313 [main] INFO  - ---- TestCase_20_LoanAmtCalculator_ScaleChangeForFeesAndChargesTextBoxAndSlider Ended ----
12:41:00.374 [main] INFO  - ---- TestCase_01_EnteringRequiredValuesInHomePage Started ----
12:41:06.459 [main] INFO  - ---- TestCase_03_StoringTheYearTableInExcel Started ----
12:41:11.804 [main] INFO  - ---- TestCase_03_StoringTheYearTableInExcel Ended ----
12:41:22.081 [main] INFO  - -----TestCase_04_EMICalculator_ValidatingLoanAmountTextBoxAndSlider  started.------
12:41:22.195 [main] INFO  - TestCase_04_EMICalculator_ValidatingLoanAmountTextBoxAndSlider ended.
12:41:22.363 [main] INFO  - TestCase_05_EMICalculator_ScaleChangeForLoanAmountTextBoxAndSlider started.
12:41:23.268 [main] INFO  - TestCase_05_EMICalculator_ScaleChangeForLoanAmountTextBoxAndSlider started.
12:41:23.418 [main] INFO  - TestCase_06_EMICalculator_ValidatingInterestRateTextBoxAndSlider started.
12:41:23.476 [main] INFO  - TestCase_06_EMICalculator_ValidatingInterestRateTextBoxAndSlider ended.
12:41:23.623 [main] INFO  - TestCase_07_EMICalculator_ScaleChangeForInterestRateTextBoxAndSlider started
12:41:24.463 [main] INFO  - TestCase_07_EMICalculator_ScaleChangeForInterestRateTextBoxAndSlider ended
12:41:24.630 [main] INFO  - TestCase_08_EMICalculator_ValidatingLoanTenureTextBoxAndSlider started.
12:41:24.737 [main] INFO  - TestCase_08_EMICalculator_ValidatingLoanTenureTextBoxAndSlider ended.
12:41:24.898 [main] INFO  - TestCase_09_EMICalculator_ScaleChangeForLoanTenureTextBoxAndSlider started
12:41:25.768 [main] INFO  - TestCase_09_EMICalculator_ScaleChangeForLoanTenureTextBoxAndSlider ended
12:41:25.924 [main] INFO  - TestCase_10_EMICalculator_ValidatingFeesAndChargesTextBoxAndSlider started.
12:41:25.991 [main] INFO  - TestCase_10_EMICalculator_ValidatingFeesAndChargesTextBoxAndSlider ended.
12:41:26.117 [main] INFO  - TestCase_11_EMICalculator_ScaleChangeForFeesAndChargesTextBoxAndSlider started
12:41:26.978 [main] INFO  - TestCase_11_EMICalculator_ScaleChangeForFeesAndChargesTextBoxAndSlider ended
12:41:27.138 [main] INFO  - TestCase_12_EMICalculator_ValidationForYearAndMonthOption started.
12:41:27.222 [main] INFO  - TestCase_12_EMICalculator_ValidationForYearAndMonthOption ended.
12:41:35.593 [main] INFO  - ---- TestCase_13_LoanAmtCalculator_ValidatingEMITextBoxAndSlider Started ----
12:41:35.657 [main] INFO  - ---- TestCase_13_LoanAmtCalculator_ValidatingEMITextBoxAndSlider Ended ----
12:41:35.812 [main] INFO  - ---- TestCase_14_LoanAmtCalculator_ValidatingInterestRateTextBoxAndSlider Started ----
12:41:35.870 [main] INFO  - ---- TestCase_14_LoanAmtCalculator_ValidatingInterestRateTextBoxAndSlider Ended ----
12:41:36.031 [main] INFO  - ---- TestCase_15_LoanAmtCalculator_ScaleChangeForInterestRateTextBoxAndSlider Started ----
12:41:36.938 [main] INFO  - ---- TestCase_15_LoanAmtCalculator_ScaleChangeForInterestRateTextBoxAndSlider Ended ----
12:41:37.099 [main] INFO  - ---- TestCase_16_LoanAmtCalculator_ValidatingLoanTenureTextBoxAndSlider Started ----
12:41:37.166 [main] INFO  - ---- TestCase_16_LoanAmtCalculator_ValidatingLoanTenureTextBoxAndSlider Ended ----
12:41:37.321 [main] INFO  - ---- TestCase_17_LoanAmtCalculator_ScaleChangeForLoanTenureTextBoxAndSlider Started ----
12:41:38.215 [main] INFO  - ---- TestCase_17_LoanAmtCalculator_ScaleChangeForLoanTenureTextBoxAndSlider Ended ----
12:41:38.366 [main] INFO  - ---- TestCase_18_LoanAmtCalculator_ValidatingFeesAndChargesTextBoxAndSlider Started ----
12:41:38.425 [main] INFO  - ---- TestCase_18_LoanAmtCalculator_ValidatingFeesAndChargesTextBoxAndSlider Ended ----
12:41:38.556 [main] INFO  - ---- TestCase_19_LoanAmtCalculator_ValidationForYearAndMonthOption Started ----
12:41:38.602 [main] INFO  - ---- TestCase_19_LoanAmtCalculator_ValidationForYearAndMonthOption Ended ----
12:41:38.750 [main] INFO  - ---- TestCase_20_LoanAmtCalculator_ScaleChangeForFeesAndChargesTextBoxAndSlider Started ----
12:41:39.691 [main] INFO  - ---- TestCase_20_LoanAmtCalculator_ScaleChangeForFeesAndChargesTextBoxAndSlider Ended ----
12:41:47.551 [main] INFO  - ---- TestCase_21_LoanTenureCalculator_ValidatingLoanAmountTextBoxAndSlider Started ----
12:41:47.612 [main] INFO  - ---- TestCase_21_LoanTenureCalculator_ValidatingLoanAmountTextBoxAndSlider Ended ----
12:41:47.772 [main] INFO  - ---- TestCase_22_LoanTenureCalculator_ScaleChangeForLoanAmountTextBoxAndSlider Started ----
12:41:48.651 [main] INFO  - ---- TestCase_22_LoanTenureCalculator_ScaleChangeForLoanAmountTextBoxAndSlider Ended ----
12:41:48.828 [main] INFO  - ---- TestCase_23_LoanTenureCalculator_ValidatingEMITextBoxAndSlider Started ----
12:41:48.889 [main] INFO  - ---- TestCase_23_LoanTenureCalculator_ValidatingEMITextBoxAndSlider Ended ----
12:41:49.042 [main] INFO  - ---- TestCase_24_LoanTenureCalculator_ValidatingInterestRateTextBoxAndSlider Started ----
12:41:49.103 [main] INFO  - ---- TestCase_24_LoanTenureCalculator_ValidatingInterestRateTextBoxAndSlider Ended ----
12:41:49.249 [main] INFO  - ---- TestCase_25_LoanTenureCalculator_ScaleChangeForInterestRateTextBoxAndSlider Started ----
12:41:50.129 [main] INFO  - ---- TestCase_25_LoanTenureCalculator_ScaleChangeForInterestRateTextBoxAndSlider Ended ----
12:41:50.285 [main] INFO  - ---- TestCase_26_LoanTenureCalculator_ValidatingFeesAndChargesTextBoxAndSlider Started ----
12:41:50.353 [main] INFO  - ---- TestCase_26_LoanTenureCalculator_ValidatingFeesAndChargesTextBoxAndSlider Ended ----
12:41:50.493 [main] INFO  - ---- TestCase_27_LoanTenureCalculator_ScaleChangeForFeesAndChargesTextBoxAndSlider Started ----
12:41:51.375 [main] INFO  - ---- TestCase_27_LoanTenureCalculator_ScaleChangeForFeesAndChargesTextBoxAndSlider Ended ----
12:43:56.041 [main] INFO  - ---- TestCase_01_EnteringRequiredValuesInHomePage Started ----
12:44:03.574 [main] INFO  - ---- TestCase_03_StoringTheYearTableInExcel Started ----
12:44:10.092 [main] INFO  - ---- TestCase_03_StoringTheYearTableInExcel Ended ----
12:44:16.885 [main] INFO  - -----TestCase_04_EMICalculator_ValidatingLoanAmountTextBoxAndSlider  started.------
12:44:16.998 [main] INFO  - TestCase_04_EMICalculator_ValidatingLoanAmountTextBoxAndSlider ended.
12:44:17.158 [main] INFO  - TestCase_05_EMICalculator_ScaleChangeForLoanAmountTextBoxAndSlider started.
12:44:18.070 [main] INFO  - TestCase_05_EMICalculator_ScaleChangeForLoanAmountTextBoxAndSlider started.
12:44:18.226 [main] INFO  - TestCase_06_EMICalculator_ValidatingInterestRateTextBoxAndSlider started.
12:44:18.287 [main] INFO  - TestCase_06_EMICalculator_ValidatingInterestRateTextBoxAndSlider ended.
12:44:18.446 [main] INFO  - TestCase_07_EMICalculator_ScaleChangeForInterestRateTextBoxAndSlider started
12:44:19.301 [main] INFO  - TestCase_07_EMICalculator_ScaleChangeForInterestRateTextBoxAndSlider ended
12:44:19.452 [main] INFO  - TestCase_08_EMICalculator_ValidatingLoanTenureTextBoxAndSlider started.
12:44:19.554 [main] INFO  - TestCase_08_EMICalculator_ValidatingLoanTenureTextBoxAndSlider ended.
12:44:19.715 [main] INFO  - TestCase_09_EMICalculator_ScaleChangeForLoanTenureTextBoxAndSlider started
12:44:20.558 [main] INFO  - TestCase_09_EMICalculator_ScaleChangeForLoanTenureTextBoxAndSlider ended
12:44:20.700 [main] INFO  - TestCase_10_EMICalculator_ValidatingFeesAndChargesTextBoxAndSlider started.
12:44:20.764 [main] INFO  - TestCase_10_EMICalculator_ValidatingFeesAndChargesTextBoxAndSlider ended.
12:44:20.903 [main] INFO  - TestCase_11_EMICalculator_ScaleChangeForFeesAndChargesTextBoxAndSlider started
12:44:21.737 [main] INFO  - TestCase_11_EMICalculator_ScaleChangeForFeesAndChargesTextBoxAndSlider ended
12:44:21.882 [main] INFO  - TestCase_12_EMICalculator_ValidationForYearAndMonthOption started.
12:44:21.966 [main] INFO  - TestCase_12_EMICalculator_ValidationForYearAndMonthOption ended.
12:44:30.235 [main] INFO  - ---- TestCase_13_LoanAmtCalculator_ValidatingEMITextBoxAndSlider Started ----
12:44:30.330 [main] INFO  - ---- TestCase_13_LoanAmtCalculator_ValidatingEMITextBoxAndSlider Ended ----
12:44:30.519 [main] INFO  - ---- TestCase_14_LoanAmtCalculator_ValidatingInterestRateTextBoxAndSlider Started ----
12:44:30.597 [main] INFO  - ---- TestCase_14_LoanAmtCalculator_ValidatingInterestRateTextBoxAndSlider Ended ----
12:44:30.794 [main] INFO  - ---- TestCase_15_LoanAmtCalculator_ScaleChangeForInterestRateTextBoxAndSlider Started ----
12:44:31.643 [main] INFO  - ---- TestCase_15_LoanAmtCalculator_ScaleChangeForInterestRateTextBoxAndSlider Ended ----
12:44:31.928 [main] INFO  - ---- TestCase_16_LoanAmtCalculator_ValidatingLoanTenureTextBoxAndSlider Started ----
12:44:32.068 [main] INFO  - ---- TestCase_16_LoanAmtCalculator_ValidatingLoanTenureTextBoxAndSlider Ended ----
12:44:32.217 [main] INFO  - ---- TestCase_17_LoanAmtCalculator_ScaleChangeForLoanTenureTextBoxAndSlider Started ----
12:44:33.111 [main] INFO  - ---- TestCase_17_LoanAmtCalculator_ScaleChangeForLoanTenureTextBoxAndSlider Ended ----
12:44:33.283 [main] INFO  - ---- TestCase_18_LoanAmtCalculator_ValidatingFeesAndChargesTextBoxAndSlider Started ----
12:44:33.351 [main] INFO  - ---- TestCase_18_LoanAmtCalculator_ValidatingFeesAndChargesTextBoxAndSlider Ended ----
12:44:33.478 [main] INFO  - ---- TestCase_19_LoanAmtCalculator_ValidationForYearAndMonthOption Started ----
12:44:33.518 [main] INFO  - ---- TestCase_19_LoanAmtCalculator_ValidationForYearAndMonthOption Ended ----
12:44:33.650 [main] INFO  - ---- TestCase_20_LoanAmtCalculator_ScaleChangeForFeesAndChargesTextBoxAndSlider Started ----
12:44:34.661 [main] INFO  - ---- TestCase_20_LoanAmtCalculator_ScaleChangeForFeesAndChargesTextBoxAndSlider Ended ----
12:44:44.851 [main] INFO  - ---- TestCase_21_LoanTenureCalculator_ValidatingLoanAmountTextBoxAndSlider Started ----
12:44:44.937 [main] INFO  - ---- TestCase_21_LoanTenureCalculator_ValidatingLoanAmountTextBoxAndSlider Ended ----
12:44:45.130 [main] INFO  - ---- TestCase_22_LoanTenureCalculator_ScaleChangeForLoanAmountTextBoxAndSlider Started ----
12:44:46.012 [main] INFO  - ---- TestCase_22_LoanTenureCalculator_ScaleChangeForLoanAmountTextBoxAndSlider Ended ----
12:44:46.187 [main] INFO  - ---- TestCase_23_LoanTenureCalculator_ValidatingEMITextBoxAndSlider Started ----
12:44:46.290 [main] INFO  - ---- TestCase_23_LoanTenureCalculator_ValidatingEMITextBoxAndSlider Ended ----
12:44:46.468 [main] INFO  - ---- TestCase_24_LoanTenureCalculator_ValidatingInterestRateTextBoxAndSlider Started ----
12:44:46.536 [main] INFO  - ---- TestCase_24_LoanTenureCalculator_ValidatingInterestRateTextBoxAndSlider Ended ----
12:44:46.729 [main] INFO  - ---- TestCase_25_LoanTenureCalculator_ScaleChangeForInterestRateTextBoxAndSlider Started ----
12:44:47.647 [main] INFO  - ---- TestCase_25_LoanTenureCalculator_ScaleChangeForInterestRateTextBoxAndSlider Ended ----
12:44:47.850 [main] INFO  - ---- TestCase_26_LoanTenureCalculator_ValidatingFeesAndChargesTextBoxAndSlider Started ----
12:44:47.942 [main] INFO  - ---- TestCase_26_LoanTenureCalculator_ValidatingFeesAndChargesTextBoxAndSlider Ended ----
12:44:48.122 [main] INFO  - ---- TestCase_27_LoanTenureCalculator_ScaleChangeForFeesAndChargesTextBoxAndSlider Started ----
12:44:49.143 [main] INFO  - ---- TestCase_27_LoanTenureCalculator_ScaleChangeForFeesAndChargesTextBoxAndSlider Ended ----
17:08:54.473 [main] INFO  - ---- TestCase_01_EnteringRequiredValuesInHomePage Started ----
17:09:05.422 [main] INFO  - ---- TestCase_03_StoringTheYearTableInExcel Started ----
17:09:14.762 [main] INFO  - ---- TestCase_03_StoringTheYearTableInExcel Ended ----
17:09:26.073 [main] INFO  - -----TestCase_04_EMICalculator_ValidatingLoanAmountTextBoxAndSlider  started.------
17:09:26.293 [main] INFO  - TestCase_04_EMICalculator_ValidatingLoanAmountTextBoxAndSlider ended.
17:09:26.525 [main] INFO  - TestCase_05_EMICalculator_ScaleChangeForLoanAmountTextBoxAndSlider started.
17:09:27.608 [main] INFO  - TestCase_05_EMICalculator_ScaleChangeForLoanAmountTextBoxAndSlider started.
17:09:27.863 [main] INFO  - TestCase_06_EMICalculator_ValidatingInterestRateTextBoxAndSlider started.
17:09:28.011 [main] INFO  - TestCase_06_EMICalculator_ValidatingInterestRateTextBoxAndSlider ended.
17:09:28.271 [main] INFO  - TestCase_07_EMICalculator_ScaleChangeForInterestRateTextBoxAndSlider started
17:09:29.243 [main] INFO  - TestCase_07_EMICalculator_ScaleChangeForInterestRateTextBoxAndSlider ended
17:09:29.464 [main] INFO  - TestCase_08_EMICalculator_ValidatingLoanTenureTextBoxAndSlider started.
17:09:29.866 [main] INFO  - TestCase_08_EMICalculator_ValidatingLoanTenureTextBoxAndSlider ended.
17:09:30.093 [main] INFO  - TestCase_09_EMICalculator_ScaleChangeForLoanTenureTextBoxAndSlider started
17:09:31.058 [main] INFO  - TestCase_09_EMICalculator_ScaleChangeForLoanTenureTextBoxAndSlider ended
17:09:31.246 [main] INFO  - TestCase_10_EMICalculator_ValidatingFeesAndChargesTextBoxAndSlider started.
17:09:31.420 [main] INFO  - TestCase_10_EMICalculator_ValidatingFeesAndChargesTextBoxAndSlider ended.
17:09:31.611 [main] INFO  - TestCase_11_EMICalculator_ScaleChangeForFeesAndChargesTextBoxAndSlider started
17:09:32.624 [main] INFO  - TestCase_11_EMICalculator_ScaleChangeForFeesAndChargesTextBoxAndSlider ended
17:09:32.800 [main] INFO  - TestCase_12_EMICalculator_ValidationForYearAndMonthOption started.
17:09:32.961 [main] INFO  - TestCase_12_EMICalculator_ValidationForYearAndMonthOption ended.
17:20:50.578 [main] INFO  - ---- TestCase_01_EnteringRequiredValuesInHomePage Started ----
17:21:01.981 [main] INFO  - ---- TestCase_03_StoringTheYearTableInExcel Started ----
17:21:13.604 [main] INFO  - ---- TestCase_03_StoringTheYearTableInExcel Ended ----
17:21:37.710 [main] INFO  - ---- TestCase_13_LoanAmtCalculator_ValidatingEMITextBoxAndSlider Started ----
17:21:37.849 [main] INFO  - ---- TestCase_13_LoanAmtCalculator_ValidatingEMITextBoxAndSlider Ended ----
17:21:38.147 [main] INFO  - ---- TestCase_14_LoanAmtCalculator_ValidatingInterestRateTextBoxAndSlider Started ----
17:21:38.309 [main] INFO  - ---- TestCase_14_LoanAmtCalculator_ValidatingInterestRateTextBoxAndSlider Ended ----
17:21:38.579 [main] INFO  - ---- TestCase_15_LoanAmtCalculator_ScaleChangeForInterestRateTextBoxAndSlider Started ----
17:21:39.556 [main] INFO  - ---- TestCase_15_LoanAmtCalculator_ScaleChangeForInterestRateTextBoxAndSlider Ended ----
17:21:39.770 [main] INFO  - ---- TestCase_16_LoanAmtCalculator_ValidatingLoanTenureTextBoxAndSlider Started ----
17:21:39.902 [main] INFO  - ---- TestCase_16_LoanAmtCalculator_ValidatingLoanTenureTextBoxAndSlider Ended ----
17:21:40.133 [main] INFO  - ---- TestCase_17_LoanAmtCalculator_ScaleChangeForLoanTenureTextBoxAndSlider Started ----
17:21:41.122 [main] INFO  - ---- TestCase_17_LoanAmtCalculator_ScaleChangeForLoanTenureTextBoxAndSlider Ended ----
17:21:41.355 [main] INFO  - ---- TestCase_18_LoanAmtCalculator_ValidatingFeesAndChargesTextBoxAndSlider Started ----
17:21:41.454 [main] INFO  - ---- TestCase_18_LoanAmtCalculator_ValidatingFeesAndChargesTextBoxAndSlider Ended ----
17:21:41.648 [main] INFO  - ---- TestCase_19_LoanAmtCalculator_ValidationForYearAndMonthOption Started ----
17:21:41.744 [main] INFO  - ---- TestCase_19_LoanAmtCalculator_ValidationForYearAndMonthOption Ended ----
17:21:41.965 [main] INFO  - ---- TestCase_20_LoanAmtCalculator_ScaleChangeForFeesAndChargesTextBoxAndSlider Started ----
17:21:43.272 [main] INFO  - ---- TestCase_20_LoanAmtCalculator_ScaleChangeForFeesAndChargesTextBoxAndSlider Ended ----
17:21:56.128 [main] INFO  - ---- TestCase_21_LoanTenureCalculator_ValidatingLoanAmountTextBoxAndSlider Started ----
17:21:56.310 [main] INFO  - ---- TestCase_21_LoanTenureCalculator_ValidatingLoanAmountTextBoxAndSlider Ended ----
17:21:56.656 [main] INFO  - ---- TestCase_22_LoanTenureCalculator_ScaleChangeForLoanAmountTextBoxAndSlider Started ----
17:21:57.690 [main] INFO  - ---- TestCase_22_LoanTenureCalculator_ScaleChangeForLoanAmountTextBoxAndSlider Ended ----
17:21:57.901 [main] INFO  - ---- TestCase_23_LoanTenureCalculator_ValidatingEMITextBoxAndSlider Started ----
17:21:58.013 [main] INFO  - ---- TestCase_23_LoanTenureCalculator_ValidatingEMITextBoxAndSlider Ended ----
17:21:58.254 [main] INFO  - ---- TestCase_24_LoanTenureCalculator_ValidatingInterestRateTextBoxAndSlider Started ----
17:21:58.362 [main] INFO  - ---- TestCase_24_LoanTenureCalculator_ValidatingInterestRateTextBoxAndSlider Ended ----
17:21:58.610 [main] INFO  - ---- TestCase_25_LoanTenureCalculator_ScaleChangeForInterestRateTextBoxAndSlider Started ----
17:21:59.714 [main] INFO  - ---- TestCase_25_LoanTenureCalculator_ScaleChangeForInterestRateTextBoxAndSlider Ended ----
17:21:59.912 [main] INFO  - ---- TestCase_26_LoanTenureCalculator_ValidatingFeesAndChargesTextBoxAndSlider Started ----
17:22:00.040 [main] INFO  - ---- TestCase_26_LoanTenureCalculator_ValidatingFeesAndChargesTextBoxAndSlider Ended ----
17:22:00.244 [main] INFO  - ---- TestCase_27_LoanTenureCalculator_ScaleChangeForFeesAndChargesTextBoxAndSlider Started ----
17:22:01.198 [main] INFO  - ---- TestCase_27_LoanTenureCalculator_ScaleChangeForFeesAndChargesTextBoxAndSlider Ended ----
17:28:20.828 [main] INFO  - -----TestCase_04_EMICalculator_ValidatingLoanAmountTextBoxAndSlider  started.------
17:28:21.040 [main] INFO  - TestCase_04_EMICalculator_ValidatingLoanAmountTextBoxAndSlider ended.
17:28:21.281 [main] INFO  - TestCase_05_EMICalculator_ScaleChangeForLoanAmountTextBoxAndSlider started.
17:28:22.328 [main] INFO  - TestCase_05_EMICalculator_ScaleChangeForLoanAmountTextBoxAndSlider started.
17:28:22.574 [main] INFO  - TestCase_06_EMICalculator_ValidatingInterestRateTextBoxAndSlider started.
17:28:22.702 [main] INFO  - TestCase_06_EMICalculator_ValidatingInterestRateTextBoxAndSlider ended.
17:28:22.991 [main] INFO  - TestCase_07_EMICalculator_ScaleChangeForInterestRateTextBoxAndSlider started
17:28:24.050 [main] INFO  - TestCase_07_EMICalculator_ScaleChangeForInterestRateTextBoxAndSlider ended
17:28:24.310 [main] INFO  - TestCase_08_EMICalculator_ValidatingLoanTenureTextBoxAndSlider started.
17:28:24.509 [main] INFO  - TestCase_08_EMICalculator_ValidatingLoanTenureTextBoxAndSlider ended.
17:28:24.777 [main] INFO  - TestCase_09_EMICalculator_ScaleChangeForLoanTenureTextBoxAndSlider started
17:28:25.815 [main] INFO  - TestCase_09_EMICalculator_ScaleChangeForLoanTenureTextBoxAndSlider ended
17:28:26.054 [main] INFO  - TestCase_10_EMICalculator_ValidatingFeesAndChargesTextBoxAndSlider started.
17:28:26.174 [main] INFO  - TestCase_10_EMICalculator_ValidatingFeesAndChargesTextBoxAndSlider ended.
17:28:26.388 [main] INFO  - TestCase_11_EMICalculator_ScaleChangeForFeesAndChargesTextBoxAndSlider started
17:28:27.375 [main] INFO  - TestCase_11_EMICalculator_ScaleChangeForFeesAndChargesTextBoxAndSlider ended
17:28:27.632 [main] INFO  - TestCase_12_EMICalculator_ValidationForYearAndMonthOption started.
17:28:27.925 [main] INFO  - TestCase_12_EMICalculator_ValidationForYearAndMonthOption ended.
17:28:39.202 [main] INFO  - ---- TestCase_13_LoanAmtCalculator_ValidatingEMITextBoxAndSlider Started ----
17:28:39.333 [main] INFO  - ---- TestCase_13_LoanAmtCalculator_ValidatingEMITextBoxAndSlider Ended ----
17:28:39.571 [main] INFO  - ---- TestCase_14_LoanAmtCalculator_ValidatingInterestRateTextBoxAndSlider Started ----
17:28:39.675 [main] INFO  - ---- TestCase_14_LoanAmtCalculator_ValidatingInterestRateTextBoxAndSlider Ended ----
17:28:39.934 [main] INFO  - ---- TestCase_15_LoanAmtCalculator_ScaleChangeForInterestRateTextBoxAndSlider Started ----
17:28:40.899 [main] INFO  - ---- TestCase_15_LoanAmtCalculator_ScaleChangeForInterestRateTextBoxAndSlider Ended ----
17:28:41.207 [main] INFO  - ---- TestCase_16_LoanAmtCalculator_ValidatingLoanTenureTextBoxAndSlider Started ----
17:28:41.377 [main] INFO  - ---- TestCase_16_LoanAmtCalculator_ValidatingLoanTenureTextBoxAndSlider Ended ----
17:28:41.673 [main] INFO  - ---- TestCase_17_LoanAmtCalculator_ScaleChangeForLoanTenureTextBoxAndSlider Started ----
17:28:42.648 [main] INFO  - ---- TestCase_17_LoanAmtCalculator_ScaleChangeForLoanTenureTextBoxAndSlider Ended ----
17:28:42.891 [main] INFO  - ---- TestCase_18_LoanAmtCalculator_ValidatingFeesAndChargesTextBoxAndSlider Started ----
17:28:43.003 [main] INFO  - ---- TestCase_18_LoanAmtCalculator_ValidatingFeesAndChargesTextBoxAndSlider Ended ----
17:28:43.181 [main] INFO  - ---- TestCase_19_LoanAmtCalculator_ValidationForYearAndMonthOption Started ----
17:28:43.269 [main] INFO  - ---- TestCase_19_LoanAmtCalculator_ValidationForYearAndMonthOption Ended ----
17:28:43.517 [main] INFO  - ---- TestCase_20_LoanAmtCalculator_ScaleChangeForFeesAndChargesTextBoxAndSlider Started ----
17:28:44.924 [main] INFO  - ---- TestCase_20_LoanAmtCalculator_ScaleChangeForFeesAndChargesTextBoxAndSlider Ended ----
17:28:56.580 [main] INFO  - ---- TestCase_21_LoanTenureCalculator_ValidatingLoanAmountTextBoxAndSlider Started ----
17:28:56.681 [main] INFO  - ---- TestCase_21_LoanTenureCalculator_ValidatingLoanAmountTextBoxAndSlider Ended ----
17:28:56.924 [main] INFO  - ---- TestCase_22_LoanTenureCalculator_ScaleChangeForLoanAmountTextBoxAndSlider Started ----
17:28:57.975 [main] INFO  - ---- TestCase_22_LoanTenureCalculator_ScaleChangeForLoanAmountTextBoxAndSlider Ended ----
17:28:58.258 [main] INFO  - ---- TestCase_23_LoanTenureCalculator_ValidatingEMITextBoxAndSlider Started ----
17:28:58.385 [main] INFO  - ---- TestCase_23_LoanTenureCalculator_ValidatingEMITextBoxAndSlider Ended ----
17:28:58.643 [main] INFO  - ---- TestCase_24_LoanTenureCalculator_ValidatingInterestRateTextBoxAndSlider Started ----
17:28:58.798 [main] INFO  - ---- TestCase_24_LoanTenureCalculator_ValidatingInterestRateTextBoxAndSlider Ended ----
17:28:59.017 [main] INFO  - ---- TestCase_25_LoanTenureCalculator_ScaleChangeForInterestRateTextBoxAndSlider Started ----
17:29:00.116 [main] INFO  - ---- TestCase_25_LoanTenureCalculator_ScaleChangeForInterestRateTextBoxAndSlider Ended ----
17:29:00.356 [main] INFO  - ---- TestCase_26_LoanTenureCalculator_ValidatingFeesAndChargesTextBoxAndSlider Started ----
17:29:00.463 [main] INFO  - ---- TestCase_26_LoanTenureCalculator_ValidatingFeesAndChargesTextBoxAndSlider Ended ----
17:29:00.657 [main] INFO  - ---- TestCase_27_LoanTenureCalculator_ScaleChangeForFeesAndChargesTextBoxAndSlider Started ----
17:29:01.719 [main] INFO  - ---- TestCase_27_LoanTenureCalculator_ScaleChangeForFeesAndChargesTextBoxAndSlider Ended ----
17:30:04.413 [main] INFO  - ---- TestCase_01_EnteringRequiredValuesInHomePage Started ----
17:30:07.365 [main] INFO  - ---- TestCase_01_EnteringRequiredValuesInHomePage Ended ----
17:30:07.692 [main] INFO  - ---- TestCase_02_DisplayingTheEMIPaymentTable Started ----
17:30:11.024 [main] INFO  - ---- TestCase_02_DisplayingTheEMIPaymentTable Ended ----
17:30:22.747 [main] INFO  - ---- TestCase_03_StoringTheYearTableInExcel Started ----
17:30:33.483 [main] INFO  - ---- TestCase_03_StoringTheYearTableInExcel Ended ----
17:30:46.516 [main] INFO  - -----TestCase_04_EMICalculator_ValidatingLoanAmountTextBoxAndSlider  started.------
17:30:46.804 [main] INFO  - TestCase_04_EMICalculator_ValidatingLoanAmountTextBoxAndSlider ended.
17:30:47.140 [main] INFO  - TestCase_05_EMICalculator_ScaleChangeForLoanAmountTextBoxAndSlider started.
17:30:48.332 [main] INFO  - TestCase_05_EMICalculator_ScaleChangeForLoanAmountTextBoxAndSlider started.
17:30:48.626 [main] INFO  - TestCase_06_EMICalculator_ValidatingInterestRateTextBoxAndSlider started.
17:30:48.754 [main] INFO  - TestCase_06_EMICalculator_ValidatingInterestRateTextBoxAndSlider ended.
17:30:49.073 [main] INFO  - TestCase_07_EMICalculator_ScaleChangeForInterestRateTextBoxAndSlider started
17:30:50.161 [main] INFO  - TestCase_07_EMICalculator_ScaleChangeForInterestRateTextBoxAndSlider ended
17:30:50.461 [main] INFO  - TestCase_08_EMICalculator_ValidatingLoanTenureTextBoxAndSlider started.
17:30:50.737 [main] INFO  - TestCase_08_EMICalculator_ValidatingLoanTenureTextBoxAndSlider ended.
17:30:51.036 [main] INFO  - TestCase_09_EMICalculator_ScaleChangeForLoanTenureTextBoxAndSlider started
17:30:51.957 [main] INFO  - TestCase_09_EMICalculator_ScaleChangeForLoanTenureTextBoxAndSlider ended
17:30:52.221 [main] INFO  - TestCase_10_EMICalculator_ValidatingFeesAndChargesTextBoxAndSlider started.
17:30:52.342 [main] INFO  - TestCase_10_EMICalculator_ValidatingFeesAndChargesTextBoxAndSlider ended.
17:30:52.556 [main] INFO  - TestCase_11_EMICalculator_ScaleChangeForFeesAndChargesTextBoxAndSlider started
17:30:53.472 [main] INFO  - TestCase_11_EMICalculator_ScaleChangeForFeesAndChargesTextBoxAndSlider ended
17:30:53.819 [main] INFO  - TestCase_12_EMICalculator_ValidationForYearAndMonthOption started.
17:30:54.007 [main] INFO  - TestCase_12_EMICalculator_ValidationForYearAndMonthOption ended.
17:31:16.900 [main] INFO  - ---- TestCase_21_LoanTenureCalculator_ValidatingLoanAmountTextBoxAndSlider Started ----
17:31:17.089 [main] INFO  - ---- TestCase_21_LoanTenureCalculator_ValidatingLoanAmountTextBoxAndSlider Ended ----
17:31:17.386 [main] INFO  - ---- TestCase_22_LoanTenureCalculator_ScaleChangeForLoanAmountTextBoxAndSlider Started ----
17:31:18.426 [main] INFO  - ---- TestCase_22_LoanTenureCalculator_ScaleChangeForLoanAmountTextBoxAndSlider Ended ----
17:31:18.678 [main] INFO  - ---- TestCase_23_LoanTenureCalculator_ValidatingEMITextBoxAndSlider Started ----
17:31:18.799 [main] INFO  - ---- TestCase_23_LoanTenureCalculator_ValidatingEMITextBoxAndSlider Ended ----
17:31:19.053 [main] INFO  - ---- TestCase_24_LoanTenureCalculator_ValidatingInterestRateTextBoxAndSlider Started ----
17:31:19.184 [main] INFO  - ---- TestCase_24_LoanTenureCalculator_ValidatingInterestRateTextBoxAndSlider Ended ----
17:31:19.447 [main] INFO  - ---- TestCase_25_LoanTenureCalculator_ScaleChangeForInterestRateTextBoxAndSlider Started ----
17:31:20.457 [main] INFO  - ---- TestCase_25_LoanTenureCalculator_ScaleChangeForInterestRateTextBoxAndSlider Ended ----
17:31:20.839 [main] INFO  - ---- TestCase_26_LoanTenureCalculator_ValidatingFeesAndChargesTextBoxAndSlider Started ----
17:31:21.015 [main] INFO  - ---- TestCase_26_LoanTenureCalculator_ValidatingFeesAndChargesTextBoxAndSlider Ended ----
17:31:21.266 [main] INFO  - ---- TestCase_27_LoanTenureCalculator_ScaleChangeForFeesAndChargesTextBoxAndSlider Started ----
17:31:22.500 [main] INFO  - ---- TestCase_27_LoanTenureCalculator_ScaleChangeForFeesAndChargesTextBoxAndSlider Ended ----
17:32:46.015 [main] INFO  - ---- TestCase_01_EnteringRequiredValuesInHomePage Started ----
17:32:49.155 [main] INFO  - ---- TestCase_01_EnteringRequiredValuesInHomePage Ended ----
17:32:49.504 [main] INFO  - ---- TestCase_02_DisplayingTheEMIPaymentTable Started ----
17:32:52.121 [main] INFO  - ---- TestCase_02_DisplayingTheEMIPaymentTable Ended ----
17:33:00.569 [main] INFO  - ---- TestCase_03_StoringTheYearTableInExcel Started ----
17:33:08.838 [main] INFO  - ---- TestCase_03_StoringTheYearTableInExcel Ended ----
17:33:18.794 [main] INFO  - -----TestCase_04_EMICalculator_ValidatingLoanAmountTextBoxAndSlider  started.------
17:33:19.010 [main] INFO  - TestCase_04_EMICalculator_ValidatingLoanAmountTextBoxAndSlider ended.
17:33:19.287 [main] INFO  - TestCase_05_EMICalculator_ScaleChangeForLoanAmountTextBoxAndSlider started.
17:33:20.344 [main] INFO  - TestCase_05_EMICalculator_ScaleChangeForLoanAmountTextBoxAndSlider started.
17:33:20.615 [main] INFO  - TestCase_06_EMICalculator_ValidatingInterestRateTextBoxAndSlider started.
17:33:20.703 [main] INFO  - TestCase_06_EMICalculator_ValidatingInterestRateTextBoxAndSlider ended.
17:33:20.949 [main] INFO  - TestCase_07_EMICalculator_ScaleChangeForInterestRateTextBoxAndSlider started
17:33:21.921 [main] INFO  - TestCase_07_EMICalculator_ScaleChangeForInterestRateTextBoxAndSlider ended
17:33:22.169 [main] INFO  - TestCase_08_EMICalculator_ValidatingLoanTenureTextBoxAndSlider started.
17:33:22.356 [main] INFO  - TestCase_08_EMICalculator_ValidatingLoanTenureTextBoxAndSlider ended.
17:33:22.592 [main] INFO  - TestCase_09_EMICalculator_ScaleChangeForLoanTenureTextBoxAndSlider started
17:33:23.618 [main] INFO  - TestCase_09_EMICalculator_ScaleChangeForLoanTenureTextBoxAndSlider ended
17:33:23.817 [main] INFO  - TestCase_10_EMICalculator_ValidatingFeesAndChargesTextBoxAndSlider started.
17:33:23.946 [main] INFO  - TestCase_10_EMICalculator_ValidatingFeesAndChargesTextBoxAndSlider ended.
17:33:24.135 [main] INFO  - TestCase_11_EMICalculator_ScaleChangeForFeesAndChargesTextBoxAndSlider started
17:33:25.161 [main] INFO  - TestCase_11_EMICalculator_ScaleChangeForFeesAndChargesTextBoxAndSlider ended
17:33:25.476 [main] INFO  - TestCase_12_EMICalculator_ValidationForYearAndMonthOption started.
17:33:25.723 [main] INFO  - TestCase_12_EMICalculator_ValidationForYearAndMonthOption ended.
17:33:36.807 [main] INFO  - ---- TestCase_13_LoanAmtCalculator_ValidatingEMITextBoxAndSlider Started ----
17:33:36.913 [main] INFO  - ---- TestCase_13_LoanAmtCalculator_ValidatingEMITextBoxAndSlider Ended ----
17:33:37.147 [main] INFO  - ---- TestCase_14_LoanAmtCalculator_ValidatingInterestRateTextBoxAndSlider Started ----
17:33:37.253 [main] INFO  - ---- TestCase_14_LoanAmtCalculator_ValidatingInterestRateTextBoxAndSlider Ended ----
17:33:37.498 [main] INFO  - ---- TestCase_15_LoanAmtCalculator_ScaleChangeForInterestRateTextBoxAndSlider Started ----
17:33:38.521 [main] INFO  - ---- TestCase_15_LoanAmtCalculator_ScaleChangeForInterestRateTextBoxAndSlider Ended ----
17:33:38.830 [main] INFO  - ---- TestCase_16_LoanAmtCalculator_ValidatingLoanTenureTextBoxAndSlider Started ----
17:33:38.973 [main] INFO  - ---- TestCase_16_LoanAmtCalculator_ValidatingLoanTenureTextBoxAndSlider Ended ----
17:33:39.266 [main] INFO  - ---- TestCase_17_LoanAmtCalculator_ScaleChangeForLoanTenureTextBoxAndSlider Started ----
17:33:40.217 [main] INFO  - ---- TestCase_17_LoanAmtCalculator_ScaleChangeForLoanTenureTextBoxAndSlider Ended ----
17:33:40.405 [main] INFO  - ---- TestCase_18_LoanAmtCalculator_ValidatingFeesAndChargesTextBoxAndSlider Started ----
17:33:40.546 [main] INFO  - ---- TestCase_18_LoanAmtCalculator_ValidatingFeesAndChargesTextBoxAndSlider Ended ----
17:33:40.759 [main] INFO  - ---- TestCase_19_LoanAmtCalculator_ValidationForYearAndMonthOption Started ----
17:33:40.871 [main] INFO  - ---- TestCase_19_LoanAmtCalculator_ValidationForYearAndMonthOption Ended ----
17:33:41.104 [main] INFO  - ---- TestCase_20_LoanAmtCalculator_ScaleChangeForFeesAndChargesTextBoxAndSlider Started ----
17:33:42.247 [main] INFO  - ---- TestCase_20_LoanAmtCalculator_ScaleChangeForFeesAndChargesTextBoxAndSlider Ended ----
17:33:54.152 [main] INFO  - ---- TestCase_21_LoanTenureCalculator_ValidatingLoanAmountTextBoxAndSlider Started ----
17:33:54.341 [main] INFO  - ---- TestCase_21_LoanTenureCalculator_ValidatingLoanAmountTextBoxAndSlider Ended ----
17:33:54.612 [main] INFO  - ---- TestCase_22_LoanTenureCalculator_ScaleChangeForLoanAmountTextBoxAndSlider Started ----
17:33:55.645 [main] INFO  - ---- TestCase_22_LoanTenureCalculator_ScaleChangeForLoanAmountTextBoxAndSlider Ended ----
17:33:55.887 [main] INFO  - ---- TestCase_23_LoanTenureCalculator_ValidatingEMITextBoxAndSlider Started ----
17:33:55.967 [main] INFO  - ---- TestCase_23_LoanTenureCalculator_ValidatingEMITextBoxAndSlider Ended ----
17:33:56.190 [main] INFO  - ---- TestCase_24_LoanTenureCalculator_ValidatingInterestRateTextBoxAndSlider Started ----
17:33:56.319 [main] INFO  - ---- TestCase_24_LoanTenureCalculator_ValidatingInterestRateTextBoxAndSlider Ended ----
17:33:56.535 [main] INFO  - ---- TestCase_25_LoanTenureCalculator_ScaleChangeForInterestRateTextBoxAndSlider Started ----
17:33:57.592 [main] INFO  - ---- TestCase_25_LoanTenureCalculator_ScaleChangeForInterestRateTextBoxAndSlider Ended ----
17:33:57.789 [main] INFO  - ---- TestCase_26_LoanTenureCalculator_ValidatingFeesAndChargesTextBoxAndSlider Started ----
17:33:57.917 [main] INFO  - ---- TestCase_26_LoanTenureCalculator_ValidatingFeesAndChargesTextBoxAndSlider Ended ----
17:33:58.173 [main] INFO  - ---- TestCase_27_LoanTenureCalculator_ScaleChangeForFeesAndChargesTextBoxAndSlider Started ----
17:33:59.216 [main] INFO  - ---- TestCase_27_LoanTenureCalculator_ScaleChangeForFeesAndChargesTextBoxAndSlider Ended ----
20:26:25.911 [main] INFO  - ---- TestCase_01_EnteringRequiredValuesInHomePage Started ----
20:26:29.073 [main] INFO  - ---- TestCase_01_EnteringRequiredValuesInHomePage Ended ----
20:26:29.378 [main] INFO  - ---- TestCase_02_DisplayingTheEMIPaymentTable Started ----
20:26:32.823 [main] INFO  - ---- TestCase_02_DisplayingTheEMIPaymentTable Ended ----
20:26:42.801 [main] INFO  - ---- TestCase_03_StoringTheYearTableInExcel Started ----
20:26:52.725 [main] INFO  - ---- TestCase_03_StoringTheYearTableInExcel Ended ----
20:27:02.552 [main] INFO  - -----TestCase_04_EMICalculator_ValidatingLoanAmountTextBoxAndSlider  started.------
20:27:02.753 [main] INFO  - TestCase_04_EMICalculator_ValidatingLoanAmountTextBoxAndSlider ended.
20:27:03.046 [main] INFO  - TestCase_05_EMICalculator_ScaleChangeForLoanAmountTextBoxAndSlider started.
20:27:04.055 [main] INFO  - TestCase_05_EMICalculator_ScaleChangeForLoanAmountTextBoxAndSlider started.
20:27:04.331 [main] INFO  - TestCase_06_EMICalculator_ValidatingInterestRateTextBoxAndSlider started.
20:27:04.426 [main] INFO  - TestCase_06_EMICalculator_ValidatingInterestRateTextBoxAndSlider ended.
20:27:04.743 [main] INFO  - TestCase_07_EMICalculator_ScaleChangeForInterestRateTextBoxAndSlider started
20:27:05.817 [main] INFO  - TestCase_07_EMICalculator_ScaleChangeForInterestRateTextBoxAndSlider ended
20:27:06.124 [main] INFO  - TestCase_08_EMICalculator_ValidatingLoanTenureTextBoxAndSlider started.
20:27:06.314 [main] INFO  - TestCase_08_EMICalculator_ValidatingLoanTenureTextBoxAndSlider ended.
20:27:06.542 [main] INFO  - TestCase_09_EMICalculator_ScaleChangeForLoanTenureTextBoxAndSlider started
20:27:07.596 [main] INFO  - TestCase_09_EMICalculator_ScaleChangeForLoanTenureTextBoxAndSlider ended
20:27:07.923 [main] INFO  - TestCase_10_EMICalculator_ValidatingFeesAndChargesTextBoxAndSlider started.
20:27:08.102 [main] INFO  - TestCase_10_EMICalculator_ValidatingFeesAndChargesTextBoxAndSlider ended.
20:27:08.445 [main] INFO  - TestCase_11_EMICalculator_ScaleChangeForFeesAndChargesTextBoxAndSlider started
20:27:09.398 [main] INFO  - TestCase_11_EMICalculator_ScaleChangeForFeesAndChargesTextBoxAndSlider ended
20:27:09.638 [main] INFO  - TestCase_12_EMICalculator_ValidationForYearAndMonthOption started.
20:27:09.794 [main] INFO  - TestCase_12_EMICalculator_ValidationForYearAndMonthOption ended.
20:27:20.246 [main] INFO  - ---- TestCase_13_LoanAmtCalculator_ValidatingEMITextBoxAndSlider Started ----
20:27:20.395 [main] INFO  - ---- TestCase_13_LoanAmtCalculator_ValidatingEMITextBoxAndSlider Ended ----
20:27:20.723 [main] INFO  - ---- TestCase_14_LoanAmtCalculator_ValidatingInterestRateTextBoxAndSlider Started ----
20:27:20.860 [main] INFO  - ---- TestCase_14_LoanAmtCalculator_ValidatingInterestRateTextBoxAndSlider Ended ----
20:27:21.076 [main] INFO  - ---- TestCase_15_LoanAmtCalculator_ScaleChangeForInterestRateTextBoxAndSlider Started ----
20:27:22.056 [main] INFO  - ---- TestCase_15_LoanAmtCalculator_ScaleChangeForInterestRateTextBoxAndSlider Ended ----
20:27:22.365 [main] INFO  - ---- TestCase_16_LoanAmtCalculator_ValidatingLoanTenureTextBoxAndSlider Started ----
20:27:22.504 [main] INFO  - ---- TestCase_16_LoanAmtCalculator_ValidatingLoanTenureTextBoxAndSlider Ended ----
20:27:22.780 [main] INFO  - ---- TestCase_17_LoanAmtCalculator_ScaleChangeForLoanTenureTextBoxAndSlider Started ----
20:27:23.763 [main] INFO  - ---- TestCase_17_LoanAmtCalculator_ScaleChangeForLoanTenureTextBoxAndSlider Ended ----
20:27:23.972 [main] INFO  - ---- TestCase_18_LoanAmtCalculator_ValidatingFeesAndChargesTextBoxAndSlider Started ----
20:27:24.069 [main] INFO  - ---- TestCase_18_LoanAmtCalculator_ValidatingFeesAndChargesTextBoxAndSlider Ended ----
20:27:24.275 [main] INFO  - ---- TestCase_19_LoanAmtCalculator_ValidationForYearAndMonthOption Started ----
20:27:24.358 [main] INFO  - ---- TestCase_19_LoanAmtCalculator_ValidationForYearAndMonthOption Ended ----
20:27:24.613 [main] INFO  - ---- TestCase_20_LoanAmtCalculator_ScaleChangeForFeesAndChargesTextBoxAndSlider Started ----
20:27:26.003 [main] INFO  - ---- TestCase_20_LoanAmtCalculator_ScaleChangeForFeesAndChargesTextBoxAndSlider Ended ----
20:27:35.771 [main] INFO  - ---- TestCase_21_LoanTenureCalculator_ValidatingLoanAmountTextBoxAndSlider Started ----
20:27:36.005 [main] INFO  - ---- TestCase_21_LoanTenureCalculator_ValidatingLoanAmountTextBoxAndSlider Ended ----
20:27:36.429 [main] INFO  - ---- TestCase_22_LoanTenureCalculator_ScaleChangeForLoanAmountTextBoxAndSlider Started ----
20:27:37.358 [main] INFO  - ---- TestCase_22_LoanTenureCalculator_ScaleChangeForLoanAmountTextBoxAndSlider Ended ----
20:27:37.652 [main] INFO  - ---- TestCase_23_LoanTenureCalculator_ValidatingEMITextBoxAndSlider Started ----
20:27:37.738 [main] INFO  - ---- TestCase_23_LoanTenureCalculator_ValidatingEMITextBoxAndSlider Ended ----
20:27:37.948 [main] INFO  - ---- TestCase_24_LoanTenureCalculator_ValidatingInterestRateTextBoxAndSlider Started ----
20:27:38.039 [main] INFO  - ---- TestCase_24_LoanTenureCalculator_ValidatingInterestRateTextBoxAndSlider Ended ----
20:27:38.248 [main] INFO  - ---- TestCase_25_LoanTenureCalculator_ScaleChangeForInterestRateTextBoxAndSlider Started ----
20:27:39.207 [main] INFO  - ---- TestCase_25_LoanTenureCalculator_ScaleChangeForInterestRateTextBoxAndSlider Ended ----
20:27:39.572 [main] INFO  - ---- TestCase_26_LoanTenureCalculator_ValidatingFeesAndChargesTextBoxAndSlider Started ----
20:27:39.723 [main] INFO  - ---- TestCase_26_LoanTenureCalculator_ValidatingFeesAndChargesTextBoxAndSlider Ended ----
20:27:39.913 [main] INFO  - ---- TestCase_27_LoanTenureCalculator_ScaleChangeForFeesAndChargesTextBoxAndSlider Started ----
20:27:40.964 [main] INFO  - ---- TestCase_27_LoanTenureCalculator_ScaleChangeForFeesAndChargesTextBoxAndSlider Ended ----
11:05:32.076 [main] INFO  - ---- TestCase_01_EnteringRequiredValuesInHomePage Started ----
11:05:35.804 [main] INFO  - ---- TestCase_01_EnteringRequiredValuesInHomePage Ended ----
11:05:36.114 [main] INFO  - ---- TestCase_02_DisplayingTheEMIPaymentTable Started ----
11:05:39.781 [main] INFO  - ---- TestCase_02_DisplayingTheEMIPaymentTable Ended ----
11:05:52.000 [main] INFO  - ---- TestCase_03_StoringTheYearTableInExcel Started ----
11:06:04.354 [main] INFO  - ---- TestCase_03_StoringTheYearTableInExcel Ended ----
11:06:27.111 [main] INFO  - ---- TestCase_13_LoanAmtCalculator_ValidatingEMITextBoxAndSlider Started ----
11:06:27.271 [main] INFO  - ---- TestCase_13_LoanAmtCalculator_ValidatingEMITextBoxAndSlider Ended ----
11:06:27.562 [main] INFO  - ---- TestCase_14_LoanAmtCalculator_ValidatingInterestRateTextBoxAndSlider Started ----
11:06:27.772 [main] INFO  - ---- TestCase_14_LoanAmtCalculator_ValidatingInterestRateTextBoxAndSlider Ended ----
11:06:28.050 [main] INFO  - ---- TestCase_15_LoanAmtCalculator_ScaleChangeForInterestRateTextBoxAndSlider Started ----
11:06:29.123 [main] INFO  - ---- TestCase_15_LoanAmtCalculator_ScaleChangeForInterestRateTextBoxAndSlider Ended ----
11:06:29.500 [main] INFO  - ---- TestCase_16_LoanAmtCalculator_ValidatingLoanTenureTextBoxAndSlider Started ----
11:06:29.667 [main] INFO  - ---- TestCase_16_LoanAmtCalculator_ValidatingLoanTenureTextBoxAndSlider Ended ----
11:06:30.126 [main] INFO  - ---- TestCase_17_LoanAmtCalculator_ScaleChangeForLoanTenureTextBoxAndSlider Started ----
11:06:31.200 [main] INFO  - ---- TestCase_17_LoanAmtCalculator_ScaleChangeForLoanTenureTextBoxAndSlider Ended ----
11:06:31.506 [main] INFO  - ---- TestCase_18_LoanAmtCalculator_ValidatingFeesAndChargesTextBoxAndSlider Started ----
11:06:31.692 [main] INFO  - ---- TestCase_18_LoanAmtCalculator_ValidatingFeesAndChargesTextBoxAndSlider Ended ----
11:06:32.011 [main] INFO  - ---- TestCase_19_LoanAmtCalculator_ValidationForYearAndMonthOption Started ----
11:06:32.176 [main] INFO  - ---- TestCase_19_LoanAmtCalculator_ValidationForYearAndMonthOption Ended ----
11:06:32.536 [main] INFO  - ---- TestCase_20_LoanAmtCalculator_ScaleChangeForFeesAndChargesTextBoxAndSlider Started ----
11:06:34.023 [main] INFO  - ---- TestCase_20_LoanAmtCalculator_ScaleChangeForFeesAndChargesTextBoxAndSlider Ended ----
11:06:46.043 [main] INFO  - ---- TestCase_21_LoanTenureCalculator_ValidatingLoanAmountTextBoxAndSlider Started ----
11:06:46.191 [main] INFO  - ---- TestCase_21_LoanTenureCalculator_ValidatingLoanAmountTextBoxAndSlider Ended ----
11:06:46.566 [main] INFO  - ---- TestCase_22_LoanTenureCalculator_ScaleChangeForLoanAmountTextBoxAndSlider Started ----
11:06:47.684 [main] INFO  - ---- TestCase_22_LoanTenureCalculator_ScaleChangeForLoanAmountTextBoxAndSlider Ended ----
11:06:48.004 [main] INFO  - ---- TestCase_23_LoanTenureCalculator_ValidatingEMITextBoxAndSlider Started ----
11:06:48.122 [main] INFO  - ---- TestCase_23_LoanTenureCalculator_ValidatingEMITextBoxAndSlider Ended ----
11:06:48.441 [main] INFO  - ---- TestCase_24_LoanTenureCalculator_ValidatingInterestRateTextBoxAndSlider Started ----
11:06:48.650 [main] INFO  - ---- TestCase_24_LoanTenureCalculator_ValidatingInterestRateTextBoxAndSlider Ended ----
11:06:49.048 [main] INFO  - ---- TestCase_25_LoanTenureCalculator_ScaleChangeForInterestRateTextBoxAndSlider Started ----
11:06:50.334 [main] INFO  - ---- TestCase_25_LoanTenureCalculator_ScaleChangeForInterestRateTextBoxAndSlider Ended ----
11:06:50.590 [main] INFO  - ---- TestCase_26_LoanTenureCalculator_ValidatingFeesAndChargesTextBoxAndSlider Started ----
11:06:50.788 [main] INFO  - ---- TestCase_26_LoanTenureCalculator_ValidatingFeesAndChargesTextBoxAndSlider Ended ----
11:06:51.047 [main] INFO  - ---- TestCase_27_LoanTenureCalculator_ScaleChangeForFeesAndChargesTextBoxAndSlider Started ----
11:06:52.201 [main] INFO  - ---- TestCase_27_LoanTenureCalculator_ScaleChangeForFeesAndChargesTextBoxAndSlider Ended ----
